\BOOKMARK [0][-]{chapter*.1}{Preface}{}% 1
\BOOKMARK [0][-]{chapter.1}{Chapter 1. Group Theory}{}% 2
\BOOKMARK [1][-]{section.1.1}{1. Structure of a Group}{chapter.1}% 3
\BOOKMARK [1][-]{section.1.2}{2. Groups Actions}{chapter.1}% 4
\BOOKMARK [1][-]{section.1.3}{3. Simple Groups}{chapter.1}% 5
\BOOKMARK [1][-]{section.1.4}{4. Sylow's theorem}{chapter.1}% 6
\BOOKMARK [1][-]{section.1.5}{5. Series}{chapter.1}% 7
\BOOKMARK [1][-]{section.1.6}{6. Solvable Groups}{chapter.1}% 8
\BOOKMARK [1][-]{section.1.7}{7. The Hall Theorems}{chapter.1}% 9
\BOOKMARK [0][-]{chapter.2}{Chapter 2. Ring Theory}{}% 10
\BOOKMARK [1][-]{section.2.1}{1. Ideals}{chapter.2}% 11
\BOOKMARK [1][-]{section.2.2}{2. Homomorphism}{chapter.2}% 12
\BOOKMARK [1][-]{section.2.3}{3. Noetherian Rings}{chapter.2}% 13
\BOOKMARK [1][-]{section.2.4}{4. Principal Ideal Domain}{chapter.2}% 14
\BOOKMARK [1][-]{section.2.5}{5. Commutative Rings}{chapter.2}% 15
\BOOKMARK [1][-]{section.2.6}{6. Rational Fraction}{chapter.2}% 16
\BOOKMARK [1][-]{section.2.7}{7. Unique Factorization Domains}{chapter.2}% 17
\BOOKMARK [0][-]{chapter.3}{Chapter 3. Module Theory}{}% 18
\BOOKMARK [1][-]{section.3.1}{1. Free Modules}{chapter.3}% 19
\BOOKMARK [1][-]{section.3.2}{2. Noetherian Modules}{chapter.3}% 20
\BOOKMARK [1][-]{section.3.3}{3. Hilbert's Theorems}{chapter.3}% 21
\BOOKMARK [0][-]{chapter.4}{Chapter 4. Field Theory}{}% 22
\BOOKMARK [1][-]{section.4.1}{1. Extensions}{chapter.4}% 23
\BOOKMARK [1][-]{section.4.2}{2. Separability}{chapter.4}% 24
\BOOKMARK [1][-]{section.4.3}{3. Galois Theory}{chapter.4}% 25
\BOOKMARK [0][-]{chapter*.3}{Bibliography}{}% 26
