This is pdfTeX, Version 3.14159265-2.6-1.40.17 (TeX Live 2016/Debian) (preloaded format=pdflatex 2017.9.4)  21 OCT 2017 19:16
entering extended mode
 restricted \write18 enabled.
 %&-line parsing enabled.
**linear_transf.tex
(./linear_transf.tex
LaTeX2e <2016/03/31> patch level 3
Babel <3.9r> and hyphenation patterns for 3 language(s) loaded.
(/usr/share/texlive/texmf-dist/tex/latex/koma-script/scrartcl.cls
Document Class: scrartcl 2016/06/14 v3.21 KOMA-Script document class (article)
(/usr/share/texlive/texmf-dist/tex/latex/koma-script/scrkbase.sty
Package: scrkbase 2016/06/14 v3.21 KOMA-Script package (KOMA-Script-dependent b
asics and keyval usage)

(/usr/share/texlive/texmf-dist/tex/latex/koma-script/scrbase.sty
Package: scrbase 2016/06/14 v3.21 KOMA-Script package (KOMA-Script-independent 
basics and keyval usage)

(/usr/share/texlive/texmf-dist/tex/latex/graphics/keyval.sty
Package: keyval 2014/10/28 v1.15 key=value parser (DPC)
\KV@toks@=\toks14
)
(/usr/share/texlive/texmf-dist/tex/latex/koma-script/scrlfile.sty
Package: scrlfile 2016/06/14 v3.21 KOMA-Script package (loading files)

Package scrlfile, 2016/06/14 v3.21 KOMA-Script package (loading files)
                  Copyright (C) Markus Kohm

))) (/usr/share/texlive/texmf-dist/tex/latex/koma-script/tocbasic.sty
Package: tocbasic 2016/06/14 v3.21 KOMA-Script package (handling toc-files)
\scr@dte@tocline@numberwidth=\skip41
\scr@dte@tocline@numbox=\box26
)
Package tocbasic Info: omitting babel extension for `toc'
(tocbasic)             because of feature `nobabel' available
(tocbasic)             for `toc' on input line 130.
Package tocbasic Info: omitting babel extension for `lof'
(tocbasic)             because of feature `nobabel' available
(tocbasic)             for `lof' on input line 131.
Package tocbasic Info: omitting babel extension for `lot'
(tocbasic)             because of feature `nobabel' available
(tocbasic)             for `lot' on input line 132.
Package scrartcl Info: You've used standard option `11pt'.
(scrartcl)             This is correct!
(scrartcl)             Internally I'm using `fontsize=11pt'.
(scrartcl)             If you'd like to set the option with \KOMAoptions,
(scrartcl)             you'd have to use `fontsize=11pt' there
(scrartcl)             instead of `11pt', too.
Class scrartcl Info: File `scrsize11pt.clo' used to setup font sizes on input l
ine 2052.

(/usr/share/texlive/texmf-dist/tex/latex/koma-script/scrsize11pt.clo
File: scrsize11pt.clo 2016/06/14 v3.21 KOMA-Script font size class option (11pt
)
)
(/usr/share/texlive/texmf-dist/tex/latex/koma-script/typearea.sty
Package: typearea 2016/06/14 v3.21 KOMA-Script package (type area)

Package typearea, 2016/06/14 v3.21 KOMA-Script package (type area)
                  Copyright (C) Frank Neukam, 1992-1994
                  Copyright (C) Markus Kohm, 1994-

\ta@bcor=\skip42
\ta@div=\count79
\ta@hblk=\skip43
\ta@vblk=\skip44
\ta@temp=\skip45
\footheight=\skip46
Package typearea Info: These are the values describing the layout:
(typearea)             DIV  = 10
(typearea)             BCOR = 0.0pt
(typearea)             \paperwidth      = 597.50793pt
(typearea)              \textwidth      = 418.25555pt
(typearea)              DIV departure   = -6%
(typearea)              \evensidemargin = 17.3562pt
(typearea)              \oddsidemargin  = 17.3562pt
(typearea)             \paperheight     = 845.04694pt
(typearea)              \textheight     = 595.80026pt
(typearea)              \topmargin      = -25.16531pt
(typearea)              \headheight     = 17.0pt
(typearea)              \headsep        = 20.40001pt
(typearea)              \topskip        = 11.0pt
(typearea)              \footskip       = 47.6pt
(typearea)              \baselineskip   = 13.6pt
(typearea)              on input line 1529.
)
\c@part=\count80
\c@section=\count81
\c@subsection=\count82
\c@subsubsection=\count83
\c@paragraph=\count84
\c@subparagraph=\count85
\scr@dte@part@maxnumwidth=\skip47
\scr@dte@section@maxnumwidth=\skip48
\scr@dte@subsection@maxnumwidth=\skip49
\scr@dte@subsubsection@maxnumwidth=\skip50
\scr@dte@paragraph@maxnumwidth=\skip51
\scr@dte@subparagraph@maxnumwidth=\skip52
LaTeX Info: Redefining \textsubscript on input line 4036.
\abovecaptionskip=\skip53
\belowcaptionskip=\skip54
\c@pti@nb@sid@b@x=\box27
\c@figure=\count86
\c@table=\count87
Class scrartcl Info: Redefining `\numberline' on input line 5049.
\bibindent=\dimen102
)

! LaTeX Error: File `evan.sty' not found.

Type X to quit or <RETURN> to proceed,
or enter new name. (Default extension: sty)

Enter file name: 
(/usr/share/texlive/texmf-dist/tex/latex/mdframed/mdframed.sty
Package: mdframed 2013/07/01 1.9b: mdframed

(/usr/share/texlive/texmf-dist/tex/latex/oberdiek/kvoptions.sty
Package: kvoptions 2016/05/16 v3.12 Key value format for package options (HO)

(/usr/share/texlive/texmf-dist/tex/generic/oberdiek/ltxcmds.sty
Package: ltxcmds 2016/05/16 v1.23 LaTeX kernel commands for general use (HO)
)
(/usr/share/texlive/texmf-dist/tex/generic/oberdiek/kvsetkeys.sty
Package: kvsetkeys 2016/05/16 v1.17 Key value parser (HO)

(/usr/share/texlive/texmf-dist/tex/generic/oberdiek/infwarerr.sty
Package: infwarerr 2016/05/16 v1.4 Providing info/warning/error messages (HO)
)
(/usr/share/texlive/texmf-dist/tex/generic/oberdiek/etexcmds.sty
Package: etexcmds 2016/05/16 v1.6 Avoid name clashes with e-TeX commands (HO)

(/usr/share/texlive/texmf-dist/tex/generic/oberdiek/ifluatex.sty
Package: ifluatex 2016/05/16 v1.4 Provides the ifluatex switch (HO)
Package ifluatex Info: LuaTeX not detected.
)
Package etexcmds Info: Could not find \expanded.
(etexcmds)             That can mean that you are not using pdfTeX 1.50 or
(etexcmds)             that some package has redefined \expanded.
(etexcmds)             In the latter case, load this package earlier.
)))
(/usr/share/texlive/texmf-dist/tex/latex/l3packages/xparse/xparse.sty
(/usr/share/texlive/texmf-dist/tex/latex/l3kernel/expl3.sty
Package: expl3 2016/05/18 v6512 L3 programming layer (loader) 

(/usr/share/texlive/texmf-dist/tex/latex/l3kernel/expl3-code.tex
Package: expl3 2016/05/18 v6512 L3 programming layer (code)
L3 Module: l3bootstrap 2016/02/12 v6412 L3 Bootstrap code
L3 Module: l3names 2016/03/11 v6433 L3 Namespace for primitives
L3 Module: l3basics 2015/11/22 v6315 L3 Basic definitions
L3 Module: l3expan 2015/09/10 v5983 L3 Argument expansion
L3 Module: l3tl 2016/03/26 v6465 L3 Token lists
L3 Module: l3str 2016/03/24 v6441 L3 Strings
L3 Module: l3seq 2015/08/05 v5777 L3 Sequences and stacks
L3 Module: l3int 2016/03/24 v6441 L3 Integers
\c_max_int=\count88
\l_tmpa_int=\count89
\l_tmpb_int=\count90
\g_tmpa_int=\count91
\g_tmpb_int=\count92
L3 Module: l3quark 2015/08/17 v5855 L3 Quarks
L3 Module: l3prg 2015/11/01 v6216 L3 Control structures
\g__prg_map_int=\count93
L3 Module: l3clist 2015/09/02 v5901 L3 Comma separated lists
L3 Module: l3token 2016/04/03 v6470 L3 Experimental token manipulation
L3 Module: l3prop 2016/01/05 v6366 L3 Property lists
L3 Module: l3msg 2016/03/26 v6464 L3 Messages
L3 Module: l3file 2016/03/25 v6458 L3 File and I/O operations
\l_iow_line_count_int=\count94
\l__iow_target_count_int=\count95
\l__iow_current_line_int=\count96
\l__iow_current_word_int=\count97
\l__iow_current_indentation_int=\count98
L3 Module: l3skip 2016/01/05 v6366 L3 Dimensions and skips
\c_zero_dim=\dimen103
\c_max_dim=\dimen104
\l_tmpa_dim=\dimen105
\l_tmpb_dim=\dimen106
\g_tmpa_dim=\dimen107
\g_tmpb_dim=\dimen108
\c_zero_skip=\skip55
\c_max_skip=\skip56
\l_tmpa_skip=\skip57
\l_tmpb_skip=\skip58
\g_tmpa_skip=\skip59
\g_tmpb_skip=\skip60
\c_zero_muskip=\muskip10
\c_max_muskip=\muskip11
\l_tmpa_muskip=\muskip12
\l_tmpb_muskip=\muskip13
\g_tmpa_muskip=\muskip14
\g_tmpb_muskip=\muskip15
L3 Module: l3keys 2015/11/17 v6284 L3 Key-value interfaces
\g__keyval_level_int=\count99
\l_keys_choice_int=\count100
L3 Module: l3fp 2016/03/26 v6465 L3 Floating points
\c__fp_leading_shift_int=\count101
\c__fp_middle_shift_int=\count102
\c__fp_trailing_shift_int=\count103
\c__fp_big_leading_shift_int=\count104
\c__fp_big_middle_shift_int=\count105
\c__fp_big_trailing_shift_int=\count106
\c__fp_Bigg_leading_shift_int=\count107
\c__fp_Bigg_middle_shift_int=\count108
\c__fp_Bigg_trailing_shift_int=\count109
L3 Module: l3box 2015/08/09 v5822 L3 Experimental boxes
\c_empty_box=\box28
\l_tmpa_box=\box29
\l_tmpb_box=\box30
\g_tmpa_box=\box31
\g_tmpb_box=\box32
L3 Module: l3coffins 2016/05/17 v6508 L3 Coffin code layer
\l__coffin_internal_box=\box33
\l__coffin_internal_dim=\dimen109
\l__coffin_offset_x_dim=\dimen110
\l__coffin_offset_y_dim=\dimen111
\l__coffin_x_dim=\dimen112
\l__coffin_y_dim=\dimen113
\l__coffin_x_prime_dim=\dimen114
\l__coffin_y_prime_dim=\dimen115
\c_empty_coffin=\box34
\l__coffin_aligned_coffin=\box35
\l__coffin_aligned_internal_coffin=\box36
\l_tmpa_coffin=\box37
\l_tmpb_coffin=\box38
\l__coffin_display_coffin=\box39
\l__coffin_display_coord_coffin=\box40
\l__coffin_display_pole_coffin=\box41
\l__coffin_display_offset_dim=\dimen116
\l__coffin_display_x_dim=\dimen117
\l__coffin_display_y_dim=\dimen118
L3 Module: l3color 2014/08/23 v5354 L3 Experimental color support
L3 Module: l3sys 2015/09/25 v6087 L3 Experimental system/runtime functions
L3 Module: l3candidates 2016/05/13 v6484 L3 Experimental additions to l3kernel
\l__box_top_dim=\dimen119
\l__box_bottom_dim=\dimen120
\l__box_left_dim=\dimen121
\l__box_right_dim=\dimen122
\l__box_top_new_dim=\dimen123
\l__box_bottom_new_dim=\dimen124
\l__box_left_new_dim=\dimen125
\l__box_right_new_dim=\dimen126
\l__box_internal_box=\box42
\l__coffin_bounding_shift_dim=\dimen127
\l__coffin_left_corner_dim=\dimen128
\l__coffin_right_corner_dim=\dimen129
\l__coffin_bottom_corner_dim=\dimen130
\l__coffin_top_corner_dim=\dimen131
\l__coffin_scaled_total_height_dim=\dimen132
\l__coffin_scaled_width_dim=\dimen133
L3 Module: l3luatex 2016/03/26 v6465 L3 Experimental LuaTeX-specific functions
)
(/usr/share/texlive/texmf-dist/tex/latex/l3kernel/l3pdfmode.def
File: l3pdfmode.def 2016/03/26 v6465 L3 Experimental driver: PDF mode
\l__driver_color_stack_int=\count110
\l__driver_tmp_box=\box43
))
Package: xparse 2016/05/18 v6512 L3 Experimental document command parser
\l__xparse_current_arg_int=\count111
\l__xparse_m_args_int=\count112
\l__xparse_mandatory_args_int=\count113
\l__xparse_processor_int=\count114
\l__xparse_v_nesting_int=\count115
)
(/usr/share/texlive/texmf-dist/tex/latex/etoolbox/etoolbox.sty
Package: etoolbox 2015/08/02 v2.2a e-TeX tools for LaTeX (JAW)
\etb@tempcnta=\count116
)
(/usr/share/texlive/texmf-dist/tex/latex/oberdiek/zref-abspage.sty
Package: zref-abspage 2016/05/21 v2.26 Module abspage for zref (HO)

(/usr/share/texlive/texmf-dist/tex/latex/oberdiek/zref-base.sty
Package: zref-base 2016/05/21 v2.26 Module base for zref (HO)

(/usr/share/texlive/texmf-dist/tex/generic/oberdiek/kvdefinekeys.sty
Package: kvdefinekeys 2016/05/16 v1.4 Define keys (HO)
)
(/usr/share/texlive/texmf-dist/tex/generic/oberdiek/pdftexcmds.sty
Package: pdftexcmds 2016/05/21 v0.22 Utility functions of pdfTeX for LuaTeX (HO
)

(/usr/share/texlive/texmf-dist/tex/generic/oberdiek/ifpdf.sty
Package: ifpdf 2016/05/14 v3.1 Provides the ifpdf switch
)
Package pdftexcmds Info: LuaTeX not detected.
Package pdftexcmds Info: \pdf@primitive is available.
Package pdftexcmds Info: \pdf@ifprimitive is available.
Package pdftexcmds Info: \pdfdraftmode found.
)
(/usr/share/texlive/texmf-dist/tex/latex/oberdiek/auxhook.sty
Package: auxhook 2016/05/16 v1.4 Hooks for auxiliary files (HO)
)
Package zref Info: New property list: main on input line 759.
Package zref Info: New property: default on input line 760.
Package zref Info: New property: page on input line 761.
)
(/usr/share/texlive/texmf-dist/tex/generic/oberdiek/atbegshi.sty
Package: atbegshi 2016/06/09 v1.18 At begin shipout hook (HO)
)
\c@abspage=\count117
Package zref Info: New property: abspage on input line 62.
)
(/usr/share/texlive/texmf-dist/tex/latex/needspace/needspace.sty
Package: needspace 2010/09/12 v1.3d reserve vertical space
)
(/usr/share/texlive/texmf-dist/tex/latex/graphics/color.sty
Package: color 2016/07/10 v1.1e Standard LaTeX Color (DPC)

(/usr/share/texlive/texmf-dist/tex/latex/graphics-cfg/color.cfg
File: color.cfg 2016/01/02 v1.6 sample color configuration
)
Package color Info: Driver file: pdftex.def on input line 147.

(/usr/share/texlive/texmf-dist/tex/latex/graphics-def/pdftex.def
File: pdftex.def 2016/07/10 v0.06j Graphics/color for pdfTeX
\Gread@gobject=\count118
))
\mdf@templength=\skip61
\c@mdf@globalstyle@cnt=\count119
\mdf@skipabove@length=\skip62
\mdf@skipbelow@length=\skip63
\mdf@leftmargin@length=\skip64
\mdf@rightmargin@length=\skip65
\mdf@innerleftmargin@length=\skip66
\mdf@innerrightmargin@length=\skip67
\mdf@innertopmargin@length=\skip68
\mdf@innerbottommargin@length=\skip69
\mdf@splittopskip@length=\skip70
\mdf@splitbottomskip@length=\skip71
\mdf@outermargin@length=\skip72
\mdf@innermargin@length=\skip73
\mdf@linewidth@length=\skip74
\mdf@innerlinewidth@length=\skip75
\mdf@middlelinewidth@length=\skip76
\mdf@outerlinewidth@length=\skip77
\mdf@roundcorner@length=\skip78
\mdf@footenotedistance@length=\skip79
\mdf@userdefinedwidth@length=\skip80
\mdf@needspace@length=\skip81
\mdf@frametitleaboveskip@length=\skip82
\mdf@frametitlebelowskip@length=\skip83
\mdf@frametitlerulewidth@length=\skip84
\mdf@frametitleleftmargin@length=\skip85
\mdf@frametitlerightmargin@length=\skip86
\mdf@shadowsize@length=\skip87
\mdf@extratopheight@length=\skip88
\mdf@subtitleabovelinewidth@length=\skip89
\mdf@subtitlebelowlinewidth@length=\skip90
\mdf@subtitleaboveskip@length=\skip91
\mdf@subtitlebelowskip@length=\skip92
\mdf@subtitleinneraboveskip@length=\skip93
\mdf@subtitleinnerbelowskip@length=\skip94
\mdf@subsubtitleabovelinewidth@length=\skip95
\mdf@subsubtitlebelowlinewidth@length=\skip96
\mdf@subsubtitleaboveskip@length=\skip97
\mdf@subsubtitlebelowskip@length=\skip98
\mdf@subsubtitleinneraboveskip@length=\skip99
\mdf@subsubtitleinnerbelowskip@length=\skip100

(/usr/share/texlive/texmf-dist/tex/latex/mdframed/md-frame-0.mdf
File: md-frame-0.mdf 2013/07/01\ 1.9b: md-frame-0
)
\mdf@frametitlebox=\box44
\mdf@footnotebox=\box45
\mdf@splitbox@one=\box46
\mdf@splitbox@two=\box47
\mdf@splitbox@save=\box48
\mdfsplitboxwidth=\skip101
\mdfsplitboxtotalwidth=\skip102
\mdfsplitboxheight=\skip103
\mdfsplitboxdepth=\skip104
\mdfsplitboxtotalheight=\skip105
\mdfframetitleboxwidth=\skip106
\mdfframetitleboxtotalwidth=\skip107
\mdfframetitleboxheight=\skip108
\mdfframetitleboxdepth=\skip109
\mdfframetitleboxtotalheight=\skip110
\mdffootnoteboxwidth=\skip111
\mdffootnoteboxtotalwidth=\skip112
\mdffootnoteboxheight=\skip113
\mdffootnoteboxdepth=\skip114
\mdffootnoteboxtotalheight=\skip115
\mdftotallinewidth=\skip116
\mdfboundingboxwidth=\skip117
\mdfboundingboxtotalwidth=\skip118
\mdfboundingboxheight=\skip119
\mdfboundingboxdepth=\skip120
\mdfboundingboxtotalheight=\skip121
\mdf@freevspace@length=\skip122
\mdf@horizontalwidthofbox@length=\skip123
\mdf@verticalmarginwhole@length=\skip124
\mdf@horizontalspaceofbox=\skip125
\mdfsubtitleheight=\skip126
\mdfsubsubtitleheight=\skip127
\c@mdfcountframes=\count120

****** mdframed patching \endmdf@trivlist

****** -- success******

.................................................
. LaTeX info: "xparse/define-command"
. 
. Defining command \newmdtheoremenv with sig. 'O{} m o m o ' on line 601.
.................................................
.................................................
. LaTeX info: "xparse/define-command"
. 
. Defining command \mdtheorem with sig. ' O{} m o m o ' on line 701.
.................................................
\mdf@envdepth=\count121
\c@mdf@env@i=\count122
\c@mdf@env@ii=\count123
\c@mdf@zref@counter=\count124
Package zref Info: New property: mdf@pagevalue on input line 895.
)
\c@theorem=\count125
\c@lemma=\count126

! Undefined control sequence.
l.27 \lhead
           {}
? 
! Undefined control sequence.
l.28 \rhead
           {Linear Transformations}
? 

! LaTeX Error: Missing \begin{document}.

See the LaTeX manual or LaTeX Companion for explanation.
Type  H <return>  for immediate help.
 ...                                              
                                                  
l.28 \rhead{L
             inear Transformations}
? 
! Undefined control sequence.
l.32 \DeclareMathOperator
                         {\Null}{null}
? 
! Undefined control sequence.
l.32 \DeclareMathOperator{\Null
                               }{null}
? 

! LaTeX Error: Missing \begin{document}.

See the LaTeX manual or LaTeX Companion for explanation.
Type  H <return>  for immediate help.
 ...                                              
                                                  
l.32 \DeclareMathOperator{\Null}{n
                                  ull}
? 
! Undefined control sequence.
l.33 \DeclareMathOperator
                         {\rk}{rk}
? 
! Undefined control sequence.
l.33 \DeclareMathOperator{\rk
                             }{rk}
? 
No file linear_transf.aux.
\openout1 = `linear_transf.aux'.

LaTeX Font Info:    Checking defaults for OML/cmm/m/it on input line 35.
LaTeX Font Info:    ... okay on input line 35.
LaTeX Font Info:    Checking defaults for T1/cmr/m/n on input line 35.
LaTeX Font Info:    ... okay on input line 35.
LaTeX Font Info:    Checking defaults for OT1/cmr/m/n on input line 35.
LaTeX Font Info:    ... okay on input line 35.
LaTeX Font Info:    Checking defaults for OMS/cmsy/m/n on input line 35.
LaTeX Font Info:    ... okay on input line 35.
LaTeX Font Info:    Checking defaults for OMX/cmex/m/n on input line 35.
LaTeX Font Info:    ... okay on input line 35.
LaTeX Font Info:    Checking defaults for U/cmr/m/n on input line 35.
LaTeX Font Info:    ... okay on input line 35.
\AtBeginShipoutBox=\box49
(/usr/share/texlive/texmf-dist/tex/context/base/mkii/supp-pdf.mkii
[Loading MPS to PDF converter (version 2006.09.02).]
\scratchcounter=\count127
\scratchdimen=\dimen134
\scratchbox=\box50
\nofMPsegments=\count128
\nofMParguments=\count129
\everyMPshowfont=\toks15
\MPscratchCnt=\count130
\MPscratchDim=\dimen135
\MPnumerator=\count131
\makeMPintoPDFobject=\count132
\everyMPtoPDFconversion=\toks16
) [1

{/var/lib/texmf/fonts/map/pdftex/updmap/pdftex.map}]
LaTeX Font Info:    External font `cmex10' loaded for size
(Font)              <14.4> on input line 40.
LaTeX Font Info:    External font `cmex10' loaded for size
(Font)              <7> on input line 40.

! Undefined control sequence.
\@author ->Joel Antonio-V\'asquez\plusemail 
                                            {hello@joelantonio.me}
l.40 
     
? 

! LaTeX Error: Environment definition* undefined.

See the LaTeX manual or LaTeX Companion for explanation.
Type  H <return>  for immediate help.
 ...                                              
                                                  
l.43 \begin{definition*}
                        
? 
LaTeX Font Info:    External font `cmex10' loaded for size
(Font)              <10.95> on input line 44.
LaTeX Font Info:    External font `cmex10' loaded for size
(Font)              <8> on input line 44.
LaTeX Font Info:    External font `cmex10' loaded for size
(Font)              <6> on input line 44.
! Undefined control sequence.
l.44 ...ver a field $F$. A function $\varphi: \map
                                                  {V}{W}$ is a linear transf...

? 

! LaTeX Error: Environment definition* undefined.

See the LaTeX manual or LaTeX Companion for explanation.
Type  H <return>  for immediate help.
 ...                                              
                                                  
l.49 \begin{definition*}
                         Let $\varphi \in \CL(V, W)$. The subspace
? 
! Undefined control sequence.
l.51       \ii
               $\Ker(\varphi) = \{v \in V \ | \ \varphi v = 0\}$, is called ...

? 
! Undefined control sequence.
<recently read> \Ker 
                     
l.51       \ii $\Ker
                    (\varphi) = \{v \in V \ | \ \varphi v = 0\}$, is called ...

? 
! Undefined control sequence.
l.52       \ii
               $\Img(\varphi) = \{\varphi v \ | \ v \in V\}$, is called the ...

? 
! Undefined control sequence.
<recently read> \Img 
                     
l.52       \ii $\Img
                    (\varphi) = \{\varphi v \ | \ v \in V\}$, is called the ...

? 

! LaTeX Error: Something's wrong--perhaps a missing \item.

See the LaTeX manual or LaTeX Companion for explanation.
Type  H <return>  for immediate help.
 ...                                              
                                                  
l.53   \end{itemize}
                    
? 
! Undefined control sequence.
<recently read> \Ker 
                     
l.54   The dimension of $\Ker
                             (\varphi)$ is known as the \textbf{nullity} ($\...

? 
! Undefined control sequence.
<recently read> \Null 
                      
l.54 ...$ is known as the \textbf{nullity} ($\Null
                                                  $) and the dimension of $\...

? 
! Undefined control sequence.
<recently read> \Img 
                     
l.54 ...lity} ($\Null$) and the dimension of $\Img
                                                  (\varphi)$ is known as the...

? 
! Undefined control sequence.
<recently read> \rk 
                    
l.54 ...rphi)$ is known as the \textbf{rank} ($\rk
                                                  $).
? 

! LaTeX Error: \begin{document} ended by \end{definition*}.

See the LaTeX manual or LaTeX Companion for explanation.
Type  H <return>  for immediate help.
 ...                                              
                                                  
l.55 \end{definition*}
                      
? 
! Undefined control sequence.
l.61   \dim(V) = \rk
                    (\varphi) + \Null(\varphi).
? 
! Undefined control sequence.
l.61   \dim(V) = \rk(\varphi) + \Null
                                     (\varphi).
? 
! Undefined control sequence.
<recently read> \Ker 
                     
l.64 \textbf{Proof:} Obviously $\Ker
                                    (\varphi) \subseteq V$, $\Img(\varphi) \...

? 
! Undefined control sequence.
<recently read> \Img 
                     
l.64 ...viously $\Ker(\varphi) \subseteq V$, $\Img
                                                  (\varphi) \subseteq W$. Le...

? 
! Undefined control sequence.
<recently read> \SB 
                    
l.64 ... V$, $\Img(\varphi) \subseteq W$. Let $\SB
                                                  _{x} = \{x_{1}, \dots, x_{...

? 
! Undefined control sequence.
l.64 ...et $\SB_{x} = \{x_{1}, \dots, x_{s}\}, \SB
                                                  _{y} = \{y_{0}, \dots, y_{...

? 
! Extra }, or forgotten $.
l.64 ... x_{s}\}, \SB_{y} = \{y_{0}, \dots, y_{r}}
                                                  \}$ be the bases for the v...

? 
! Undefined control sequence.
<recently read> \Ker 
                     
l.64 ...$ be the bases for the vector spaces $\Ker
                                                  (\varphi)$ and $\varphi(V)...

? 
! Undefined control sequence.
<recently read> \SB 
                    
l.64 ...varphi(z_{i}) = y_{i}$. We claim that $\SB
                                                   = \SB_{x} \cup \varphi^{-...

? 
! Undefined control sequence.
l.64 ...(z_{i}) = y_{i}$. We claim that $\SB = \SB
                                                  _{x} \cup \varphi^{-1}(\SB...

? 
! Undefined control sequence.
l.64 ... that $\SB = \SB_{x} \cup \varphi^{-1}(\SB
                                                  _{y}) = \{x_{1}, \dotsm x_...

? 
! Undefined control sequence.
l.64 ...up \varphi^{-1}(\SB_{y}) = \{x_{1}, \dotsm
                                                   x_{s}\} \cup \{z_{1}, \do...

? 
! Undefined control sequence.
l.64 ...\{z_{1}, \dots, z_{r}\} = \varphi^{-1}(\SB
                                                  _{r})$ is a linearly indep...

? 
! Undefined control sequence.
<recently read> \SB 
                    
l.64 ...early independent subset of $V$, then $\SB
                                                  $ should be a subset of $V...

? 
! Undefined control sequence.
<recently read> \SB 
                    
l.64 ... is linearly independent. Notice that $\SB
                                                  _{x} \cap \varphi^{-1}(\SB...

? 
! Undefined control sequence.
l.64 ...Notice that $\SB_{x} \cap \varphi^{-1}(\SB
                                                  _{y}) = \emptyset$. Now, w...

? 
! Undefined control sequence.
<recently read> \SB 
                    
l.64 ... = \emptyset$. Now, we must show that $\SB
                                                  $ spans $V$. Let $v \in V$...

? 
! Undefined control sequence.
<recently read> \SB 
                    
l.64 ...1} + \dots + \alpha_{r}y_{r}$ because $\SB
                                                  _{y}$ forms a bases of $\v...

? 
! Undefined control sequence.
l.66 ..._{1}z_{1} + \dots + \alpha_{r}z_{r}  + \SB
                                                  _{1}x_{1} + \dots \SB_{s}x...

? 
! Undefined control sequence.
l.66 ...alpha_{r}z_{r}  + \SB_{1}x_{1} + \dots \SB
                                                  _{s}x_{s},
? 
! Undefined control sequence.
l.68 ...a_{1}z_{1} - \dots - \alpha_{r}z_{r} = \SB
                                                  _{1}x_{1} + \dots + \SB_{s...

? 
! Undefined control sequence.
l.68 ...lpha_{r}z_{r} = \SB_{1}x_{1} + \dots + \SB
                                                  _{s}x_{s}$, thus $v \in \t...

? 
! Undefined control sequence.
l.68 ...+ \dots + \SB_{s}x_{s}$, thus $v \in \text
                                                  {span}(\SB)$ and indeed $\...

? 
! Undefined control sequence.
l.68 ...\SB_{s}x_{s}$, thus $v \in \text{span}(\SB
                                                  )$ and indeed $\text{span}...

? 
! Undefined control sequence.
<recently read> \text 
                      
l.68 ...$v \in \text{span}(\SB)$ and indeed $\text
                                                  {span}(\SB) = V$ and forms...

? 
! Undefined control sequence.
l.68 ...xt{span}(\SB)$ and indeed $\text{span}(\SB
                                                  ) = V$ and forms a bases f...

? 
! Undefined control sequence.
l.68 ...es from $B$. Hence $s + r = m$. \qedsymbol
                                                   \\ \\
? 

LaTeX Warning: Reference `theo:1' on page 2 undefined on input line 69.


Underfull \hbox (badness 10000) in paragraph at lines 67--70

 []

! Undefined control sequence.
l.73       \ii
               $\varphi$ is surjective iff $\Img(\varphi) = W$,
? 
! Undefined control sequence.
<recently read> \Img 
                     
l.73       \ii $\varphi$ is surjective iff $\Img
                                                (\varphi) = W$,
? 
! Undefined control sequence.
l.74       \ii
               $\varphi$ is injective iff $\Ker(\varphi) = \{0\}$.
? 
! Undefined control sequence.
<recently read> \Ker 
                     
l.74       \ii $\varphi$ is injective iff $\Ker
                                               (\varphi) = \{0\}$.
? 

! LaTeX Error: Something's wrong--perhaps a missing \item.

See the LaTeX manual or LaTeX Companion for explanation.
Type  H <return>  for immediate help.
 ...                                              
                                                  
l.75   \end{enumerate}
                      
? 
[2

]
Package mdframed Info: Not enough space on this page on input line 76.


! LaTeX Error: There's no line here to end.

See the LaTeX manual or LaTeX Companion for explanation.
Type  H <return>  for immediate help.
 ...                                              
                                                  
l.77 S
      ee problem 1.
? 

! LaTeX Error: Environment definition* undefined.

See the LaTeX manual or LaTeX Companion for explanation.
Type  H <return>  for immediate help.
 ...                                              
                                                  
l.79 \begin{definition*}
                        
? 
! Undefined control sequence.
l.80   Let $\varphi: \map
                         {V}{W}$ be a linear transformation, we say that $V ...

? 

! LaTeX Error: \begin{document} ended by \end{definition}.

See the LaTeX manual or LaTeX Companion for explanation.
Type  H <return>  for immediate help.
 ...                                              
                                                  
l.81 \end{definition}
                     
? 
! Undefined control sequence.
<recently read> \SB 
                    
l.85 ...suppose that $\dim(V) = \dim(W)$. Let $\SB
                                                  _{v} = \{v_{1}, \dots, v_{...

? 
! Undefined control sequence.
<recently read> \SB 
                    
l.85 ...SB_{v} = \{v_{1}, \dots, v_{k}\}$ and $\SB
                                                  _{w} = \{w_{1}, \dots, w_{...

? 
! Undefined control sequence.
l.85 ...V$ and $W$ respectively. If $\varphi: \map
                                                  {V}{W}$ is defined as $v_{...

? 
! Undefined control sequence.
l.85 ...o w_{i}$ for all $i$, then $[\varphi]^{\SB
                                                  _{v}}_{\SB_{w}} = I$ which...

? 
! Undefined control sequence.
l.85 ...or all $i$, then $[\varphi]^{\SB_{v}}_{\SB
                                                  _{w}} = I$ which is invert...

? 
! Undefined control sequence.
l.85 ...ible and indeed an isomorphism. \qedsymbol
                                                   \\ \\
? 
! Undefined control sequence.
l.86 Let $V = \Ker
                  (\varphi) \oplus \Ker(\varphi)^{c}$, where $\Ker(\varphi)^...

? 
! Undefined control sequence.
l.86 Let $V = \Ker(\varphi) \oplus \Ker
                                       (\varphi)^{c}$, where $\Ker(\varphi)^...

? 
! Undefined control sequence.
<recently read> \Ker 
                     
l.86 ...hi) \oplus \Ker(\varphi)^{c}$, where $\Ker
                                                  (\varphi)^{c}$ is the comp...

? 
! Undefined control sequence.
<recently read> \Ker 
                     
l.86 ...r(\varphi)^{c}$ is the complement of $\Ker
                                                  (\varphi)$. It follows that
? 

Underfull \hbox (badness 10000) in paragraph at lines 85--87

 []

! Undefined control sequence.
l.89 \dim(V) = \dim(\Ker
                        (\varphi)^{c}) + \dim(\Ker(\varphi)) \tag{*},
? 
! Undefined control sequence.
l.89 \dim(V) = \dim(\Ker(\varphi)^{c}) + \dim(\Ker
                                                  (\varphi)) \tag{*},
? 
! Undefined control sequence.
l.89 ...r(\varphi)^{c}) + \dim(\Ker(\varphi)) \tag
                                                  {*},
? 

LaTeX Warning: Reference `theo:1' on page 3 undefined on input line 91.

! Undefined control sequence.
l.91 ... \ref{theo:1}, we know that $\dim(V) = \rk
                                                  (\varphi) + \Img(\varphi)$...

? 
! Undefined control sequence.
l.91 ...e know that $\dim(V) = \rk(\varphi) + \Img
                                                  (\varphi)$, then it follow...

? 
! Undefined control sequence.
<recently read> \Ker 
                     
l.91 ...rphi)$, then it follows that in (*), $\Ker
                                                  (\varphi)^{c} \approx \Img...

? 
! Undefined control sequence.
l.91 ...at in (*), $\Ker(\varphi)^{c} \approx \Img
                                                  (\varphi)$. \qedsymbol
? 
! Undefined control sequence.
l.91 ...hi)^{c} \approx \Img(\varphi)$. \qedsymbol
                                                  
? 
! Undefined control sequence.
<recently read> \SB 
                    
l.99 ...over $F$, with \textbf{ordered bases} $\SB
                                                  _{b} = \{b_{1}, \dots, b_{...

? 
! Undefined control sequence.
<recently read> \SB 
                    
l.99 ...SB_{b} = \{b_{1}, \dots, b_{n}\}$ and $\SB
                                                  _{c} = \{c_{1}, \dots, c_{...

? 
! Undefined control sequence.
l.101       \ii
                The map $\mu: \map{\CL(V, W)}{\CM_{m, n}(F)}$ defined by
? 
! Undefined control sequence.
l.101       \ii The map $\mu: \map
                                  {\CL(V, W)}{\CM_{m, n}(F)}$ defined by
? 
! Undefined control sequence.
l.103       \mu(\varphi) = [\varphi]_{\SB
                                         _{b}, \SB_{c}},
? 
! Undefined control sequence.
l.103       \mu(\varphi) = [\varphi]_{\SB_{b}, \SB
                                                  _{c}},
? 
! Undefined control sequence.
l.109       \ii
                If $\phi \in \CL(U, V)$ and $\varphi \in \CL(V, W)$ and if $...

? 
! Undefined control sequence.
<recently read> \SB 
                    
l.109 ...$ and $\varphi \in \CL(V, W)$ and if $\SB
                                                  _{b}, \SB_{c}$ and $\SB_{d...

? 
! Undefined control sequence.
l.109 ...arphi \in \CL(V, W)$ and if $\SB_{b}, \SB
                                                  _{c}$ and $\SB_{d}$ are or...

? 
! Undefined control sequence.
<recently read> \SB 
                    
l.109 ...V, W)$ and if $\SB_{b}, \SB_{c}$ and $\SB
                                                  _{d}$ are ordered bases fo...

? 
! Undefined control sequence.
l.111       [\varphi \phi]_{\SB
                               _{b}, \SB_{d}} = [\varphi]_{\SB_{c}, \SB_{d}}...

? 
! Undefined control sequence.
l.111       [\varphi \phi]_{\SB_{b}, \SB
                                        _{d}} = [\varphi]_{\SB_{c}, \SB_{d}}...

? 
! Undefined control sequence.
l.111 ...\phi]_{\SB_{b}, \SB_{d}} = [\varphi]_{\SB
                                                  _{c}, \SB_{d}} [\phi]_{\SB...

? 
! Undefined control sequence.
l.111 ...B_{b}, \SB_{d}} = [\varphi]_{\SB_{c}, \SB
                                                  _{d}} [\phi]_{\SB_{b}, \SB...

? 
! Undefined control sequence.
l.111 ... [\varphi]_{\SB_{c}, \SB_{d}} [\phi]_{\SB
                                                  _{b}, \SB_{c}}
? 
! Undefined control sequence.
l.111 ...]_{\SB_{c}, \SB_{d}} [\phi]_{\SB_{b}, \SB
                                                  _{c}}
? 

! LaTeX Error: Something's wrong--perhaps a missing \item.

See the LaTeX manual or LaTeX Companion for explanation.
Type  H <return>  for immediate help.
 ...                                              
                                                  
l.113   \end{enumerate}
                       
? 
Package mdframed Info: Box was splittet wrong
 starting loop to iterate the splitting point
(mdframed)              on input line 115.
[3]
! Undefined control sequence.
l.118   [s\phi + r\varphi]_{\SB
                               _{b}, \SB_{c}}[b_{i}]_{\SB_{b}} = [(s\phi + r...

? 
! Undefined control sequence.
l.118   [s\phi + r\varphi]_{\SB_{b}, \SB
                                        _{c}}[b_{i}]_{\SB_{b}} = [(s\phi + r...

? 
! Undefined control sequence.
l.118 ... r\varphi]_{\SB_{b}, \SB_{c}}[b_{i}]_{\SB
                                                  _{b}} = [(s\phi + r\varphi...

? 
! Undefined control sequence.
l.118 ...B_{b}} = [(s\phi + r\varphi)(b_{i})]_{\SB
                                                  _{c}}
? 
! Undefined control sequence.
l.121 ...m}= [s\phi(b_{i}) + r\varphi(b_{i})]_{\SB
                                                  _{c}}
? 
! Undefined control sequence.
l.124   \hspace{11em}= s[\phi(b_{i})]_{\SB
                                          _{c}} + r[\varphi(b_{i})]_{\SB_{c}}
? 
! Undefined control sequence.
l.124 ..._{i})]_{\SB_{c}} + r[\varphi(b_{i})]_{\SB
                                                  _{c}}
? 
! Undefined control sequence.
l.127   \hspace{13.5em}= (s[\phi]_{\SB
                                      _{b}, \SB_{c}} + r[\varphi]_{\SB_{b}, ...

? 
! Undefined control sequence.
l.127   \hspace{13.5em}= (s[\phi]_{\SB_{b}, \SB
                                               _{c}} + r[\varphi]_{\SB_{b}, ...

? 
! Undefined control sequence.
l.127 ...phi]_{\SB_{b}, \SB_{c}} + r[\varphi]_{\SB
                                                  _{b}, \SB_{c}})[b_{i}]_{\S...

? 
! Undefined control sequence.
l.127 ..._{b}, \SB_{c}} + r[\varphi]_{\SB_{b}, \SB
                                                  _{c}})[b_{i}]_{\SB_{b}}
? 
! Undefined control sequence.
l.127 ...[\varphi]_{\SB_{b}, \SB_{c}})[b_{i}]_{\SB
                                                  _{b}}
? 
! Undefined control sequence.
l.129   Since $[b_{i}]_{\SB
                           _{b}} = e_{i}$ is a basis vector, we conclude that
? 
! Undefined control sequence.
l.131   [s\phi + r\varphi]_{\SB
                               _{b}, \SB_{c}} = s[\phi]_{\SB_{b}, \SB_{c}} +...

? 
! Undefined control sequence.
l.131   [s\phi + r\varphi]_{\SB_{b}, \SB
                                        _{c}} = s[\phi]_{\SB_{b}, \SB_{c}} +...

? 
! Undefined control sequence.
l.131 ...varphi]_{\SB_{b}, \SB_{c}} = s[\phi]_{\SB
                                                  _{b}, \SB_{c}} + r[\varphi...

? 
! Undefined control sequence.
l.131 ...\SB_{b}, \SB_{c}} = s[\phi]_{\SB_{b}, \SB
                                                  _{c}} + r[\varphi]_{\SB_{b...

? 
! Undefined control sequence.
l.131 ...phi]_{\SB_{b}, \SB_{c}} + r[\varphi]_{\SB
                                                  _{b}, \SB_{c}},
? 
! Undefined control sequence.
l.131 ..._{b}, \SB_{c}} + r[\varphi]_{\SB_{b}, \SB
                                                  _{c}},
? 
! Undefined control sequence.
l.133 ...i$ by the condition $[\varphi b_{i}]_{\SB
                                                  _{c}} = A^{(i)}$, so $\mu(...

? 
! Undefined control sequence.
<recently read> \Ker 
                     
l.133 ...= A$ and $\mu$ is surjective. Since $\Ker
                                                  (\mu) = \{0\}$ because $[\...

? 
! Undefined control sequence.
l.133 ...Ker(\mu) = \{0\}$ because $[\varphi]_{\SB
                                                  _{b}} = 0$ implies that $\...

? 
! Undefined control sequence.
l.133 ...e map $\mu$ is an isomorphism. \qedsymbol
                                                  
? 

! LaTeX Error: Environment definition* undefined.

See the LaTeX manual or LaTeX Companion for explanation.
Type  H <return>  for immediate help.
 ...                                              
                                                  
l.135 \begin{definition*}
                         
? 

! LaTeX Error: \begin{document} ended by \end{definition}.

See the LaTeX manual or LaTeX Companion for explanation.
Type  H <return>  for immediate help.
 ...                                              
                                                  
l.137 \end{definition}
                      
? 

! LaTeX Error: Environment definition* undefined.

See the LaTeX manual or LaTeX Companion for explanation.
Type  H <return>  for immediate help.
 ...                                              
                                                  
l.138 \begin{definition*}
                         
? 

! LaTeX Error: \begin{document} ended by \end{definition}.

See the LaTeX manual or LaTeX Companion for explanation.
Type  H <return>  for immediate help.
 ...                                              
                                                  
l.140 \end{definition}
                      
? 

! LaTeX Error: Environment definition* undefined.

See the LaTeX manual or LaTeX Companion for explanation.
Type  H <return>  for immediate help.
 ...                                              
                                                  
l.141 \begin{definition*}
                         
? 
! Undefined control sequence.
l.142 ...$. The linear operator $\rho_{S, T}: \map
                                                  {V}{V}$ defined by
? 

! LaTeX Error: \begin{document} ended by \end{definition}.

See the LaTeX manual or LaTeX Companion for explanation.
Type  H <return>  for immediate help.
 ...                                              
                                                  
l.147 \end{definition}
                      
? 
! Undefined control sequence.
l.157 ...} = \rho_{S, T}\varphi \hspace{1em} \text
                                                  {and} \hspace{1em} (\iota ...

? 
! Undefined control sequence.
l.161 ...} = \rho_{S, T}\varphi \hspace{1em} \text
                                                  {and} \hspace{1em} \rho_{S...

? 
! Undefined control sequence.
l.163 ...\varphi = \varphi\rho_{S, T}$. \qedsymbol
                                                  
? 
! Undefined control sequence.
l.166     \ii
              Proof theorem 2.
? 
! Undefined control sequence.
l.167     \ii
              (Sylvester's rank inequality) Let $\varphi, \phi \in \CL(V, W)...

? 
! Undefined control sequence.
l.169     \rk
             (\varphi) + \rk(\phi) - n \leq \rk(\varphi \phi).
? 
! Undefined control sequence.
l.169     \rk(\varphi) + \rk
                            (\phi) - n \leq \rk(\varphi \phi).
? 
! Undefined control sequence.
l.169     \rk(\varphi) + \rk(\phi) - n \leq \rk
                                               (\varphi \phi).
? 
[4]
! Undefined control sequence.
l.171     \ii
              Let $A$ be a $n \times m$ matrix over $F$. Show that
? 

! LaTeX Error: Something's wrong--perhaps a missing \item.

See the LaTeX manual or LaTeX Companion for explanation.
Type  H <return>  for immediate help.
 ...                                              
                                                  
l.172     \begin{itemize}
                         
? 
! Undefined control sequence.
l.173         \ii
                  $\varphi_{A}: \map{F^{n}}{F^{m}}$ is injective iff $\rk(A)...

? 
! Undefined control sequence.
l.173         \ii $\varphi_{A}: \map
                                    {F^{n}}{F^{m}}$ is injective iff $\rk(A)...

? 
! Undefined control sequence.
<recently read> \rk 
                    
l.173 ...\map{F^{n}}{F^{m}}$ is injective iff $\rk
                                                  (A) = n$.
? 
! Undefined control sequence.
l.174         \ii
                  $\varphi_{A}: \map{F^{n}}{F^{m}}$ is surjective iff $\rk(A...

? 
! Undefined control sequence.
l.174         \ii $\varphi_{A}: \map
                                    {F^{n}}{F^{m}}$ is surjective iff $\rk(A...

? 
! Undefined control sequence.
<recently read> \rk 
                    
l.174 ...map{F^{n}}{F^{m}}$ is surjective iff $\rk
                                                  (A) = m$.
? 

! LaTeX Error: Something's wrong--perhaps a missing \item.

See the LaTeX manual or LaTeX Companion for explanation.
Type  H <return>  for immediate help.
 ...                                              
                                                  
l.175     \end{itemize}
                       
? 
! Undefined control sequence.
l.176     \ii
              Let $S$ and $T$ be subspaces of $V$, such that $V = S \oplus T...

? 
! Undefined control sequence.
l.177     \ii
              Let $V$ be a vector space over a field $F$ of characteristic $...

? 
! Undefined control sequence.
l.184     \ii
              Don Monk's notes on Advanced linear algebra: \url{http://eucli...

? 
! Undefined control sequence.
l.184 ...'s notes on Advanced linear algebra: \url
                                                  {http://euclid.colorado.ed...

? 

! LaTeX Error: Something's wrong--perhaps a missing \item.

See the LaTeX manual or LaTeX Companion for explanation.
Type  H <return>  for immediate help.
 ...                                              
                                                  
l.185 ...t, specifically Chapter 2.  \end{itemize}
                                                  
? 

Overfull \hbox (58.43512pt too wide) in paragraph at lines 184--185
\OT1/cmr/m/n/10.95 Don Monk's notes on Ad-vanced lin-ear al-ge-bra: http://eucl
id.colorado.edu/ monkd/m5151.html 
 []


Underfull \hbox (badness 10000) in paragraph at lines 184--185

 []

[5] (./linear_transf.aux)

LaTeX Warning: There were undefined references.


LaTeX Warning: Label(s) may have changed. Rerun to get cross-references right.

 )
(\end occurred inside a group at level 1)

### semi simple group (level 1) entered at line 43 (\begingroup)
### bottom level 
Here is how much of TeX's memory you used:
 11278 strings out of 494945
 218662 string characters out of 6181033
 343369 words of memory out of 5000000
 14537 multiletter control sequences out of 15000+600000
 9492 words of font info for 33 fonts, out of 8000000 for 9000
 14 hyphenation exceptions out of 8191
 47i,8n,54p,10415b,350s stack positions out of 5000i,500n,10000p,200000b,80000s
</usr/share/texlive/texmf-dist/fonts/type1/public/amsfonts/cm/c
mbx10.pfb></usr/share/texlive/texmf-dist/fonts/type1/public/amsfonts/cm/cmbxti1
0.pfb></usr/share/texlive/texmf-dist/fonts/type1/public/amsfonts/cm/cmmi10.pfb>
</usr/share/texlive/texmf-dist/fonts/type1/public/amsfonts/cm/cmmi12.pfb></usr/
share/texlive/texmf-dist/fonts/type1/public/amsfonts/cm/cmmi6.pfb></usr/share/t
exlive/texmf-dist/fonts/type1/public/amsfonts/cm/cmmi8.pfb></usr/share/texlive/
texmf-dist/fonts/type1/public/amsfonts/cm/cmr10.pfb></usr/share/texlive/texmf-d
ist/fonts/type1/public/amsfonts/cm/cmr12.pfb></usr/share/texlive/texmf-dist/fon
ts/type1/public/amsfonts/cm/cmr8.pfb></usr/share/texlive/texmf-dist/fonts/type1
/public/amsfonts/cm/cmssbx10.pfb></usr/share/texlive/texmf-dist/fonts/type1/pub
lic/amsfonts/cm/cmsy10.pfb></usr/share/texlive/texmf-dist/fonts/type1/public/am
sfonts/cm/cmsy8.pfb></usr/share/texlive/texmf-dist/fonts/type1/public/amsfonts/
cm/cmti10.pfb>
Output written on linear_transf.pdf (5 pages, 161500 bytes).
PDF statistics:
 72 PDF objects out of 1000 (max. 8388607)
 51 compressed objects within 1 object stream
 0 named destinations out of 1000 (max. 500000)
 1 words of extra memory for PDF output out of 10000 (max. 10000000)

